# JRE version: OpenJDK Runtime Environment (8.0_112-b06) (build 1.8.0_112-release-b06)
# Java VM: OpenJDK 64-Bit Server VM (25.112-b06 mixed mode windows-amd64 compressed oops)
Heap:
 PSYoungGen      total 29696K, used 8474K [0x00000000e0000000, 0x00000000e2400000, 0x0000000100000000)
  eden space 23040K, 7% used [0x00000000e0000000,0x00000000e01cbfb0,0x00000000e1680000)
  from space 6656K, 99% used [0x00000000e1680000,0x00000000e1cfa8a8,0x00000000e1d00000)
  to   space 6144K, 0% used [0x00000000e1d00000,0x00000000e1d00000,0x00000000e2300000)
 ParOldGen       total 53760K, used 15907K [0x00000000a0000000, 0x00000000a3480000, 0x00000000e0000000)
  object space 53760K, 29% used [0x00000000a0000000,0x00000000a0f88f90,0x00000000a3480000)
 Metaspace       used 38119K, capacity 38948K, committed 39128K, reserved 1083392K
  class space    used 5093K, capacity 5330K, committed 5336K, reserved 1048576K
GC Heap History (10 events):
Event: 27.498 GC heap before
{Heap before GC invocations=19 (full 2):
 PSYoungGen      total 22528K, used 2294K [0x00000000e0000000, 0x00000000e1f80000, 0x0000000100000000)
  eden space 19968K, 0% used [0x00000000e0000000,0x00000000e0000000,0x00000000e1380000)
  from space 2560K, 89% used [0x00000000e1380000,0x00000000e15bda80,0x00000000e1600000)
  to   space 6144K, 0% used [0x00000000e1980000,0x00000000e1980000,0x00000000e1f80000)
 ParOldGen       total 32256K, used 14320K [0x00000000a0000000, 0x00000000a1f80000, 0x00000000e0000000)
  object space 32256K, 44% used [0x00000000a0000000,0x00000000a0dfc1b0,0x00000000a1f80000)
 Metaspace       used 34534K, capacity 35248K, committed 35416K, reserved 1079296K
  class space    used 4651K, capacity 4877K, committed 4952K, reserved 1048576K
Event: 27.643 GC heap after
Heap after GC invocations=19 (full 2):
 PSYoungGen      total 22528K, used 0K [0x00000000e0000000, 0x00000000e1f80000, 0x0000000100000000)
  eden space 19968K, 0% used [0x00000000e0000000,0x00000000e0000000,0x00000000e1380000)
  from space 2560K, 0% used [0x00000000e1380000,0x00000000e1380000,0x00000000e1600000)
  to   space 6144K, 0% used [0x00000000e1980000,0x00000000e1980000,0x00000000e1f80000)
 ParOldGen       total 53760K, used 15814K [0x00000000a0000000, 0x00000000a3480000, 0x00000000e0000000)
  object space 53760K, 29% used [0x00000000a0000000,0x00000000a0f71850,0x00000000a3480000)
 Metaspace       used 34534K, capacity 35248K, committed 35416K, reserved 1079296K
  class space    used 4651K, capacity 4877K, committed 4952K, reserved 1048576K
}
Event: 28.503 GC heap before
{Heap before GC invocations=20 (full 2):
 PSYoungGen      total 22528K, used 19968K [0x00000000e0000000, 0x00000000e1f80000, 0x0000000100000000)
  eden space 19968K, 100% used [0x00000000e0000000,0x00000000e1380000,0x00000000e1380000)
  from space 2560K, 0% used [0x00000000e1380000,0x00000000e1380000,0x00000000e1600000)
  to   space 6144K, 0% used [0x00000000e1980000,0x00000000e1980000,0x00000000e1f80000)
 ParOldGen       total 53760K, used 15814K [0x00000000a0000000, 0x00000000a3480000, 0x00000000e0000000)
  object space 53760K, 29% used [0x00000000a0000000,0x00000000a0f71850,0x00000000a3480000)
 Metaspace       used 35036K, capacity 35800K, committed 35928K, reserved 1081344K
  class space    used 4693K, capacity 4913K, committed 4952K, reserved 1048576K
Event: 28.506 GC heap after
Heap after GC invocations=20 (full 2):
 PSYoungGen      total 26112K, used 1246K [0x00000000e0000000, 0x00000000e2300000, 0x0000000100000000)
  eden space 19968K, 0% used [0x00000000e0000000,0x00000000e0000000,0x00000000e1380000)
  from space 6144K, 20% used [0x00000000e1980000,0x00000000e1ab7848,0x00000000e1f80000)
  to   space 6144K, 0% used [0x00000000e1380000,0x00000000e1380000,0x00000000e1980000)
 ParOldGen       total 53760K, used 15822K [0x00000000a0000000, 0x00000000a3480000, 0x00000000e0000000)
  object space 53760K, 29% used [0x00000000a0000000,0x00000000a0f73850,0x00000000a3480000)
 Metaspace       used 35036K, capacity 35800K, committed 35928K, reserved 1081344K
  class space    used 4693K, capacity 4913K, committed 4952K, reserved 1048576K
}
Event: 29.088 GC heap before
{Heap before GC invocations=21 (full 2):
 PSYoungGen      total 26112K, used 21214K [0x00000000e0000000, 0x00000000e2300000, 0x0000000100000000)
  eden space 19968K, 100% used [0x00000000e0000000,0x00000000e1380000,0x00000000e1380000)
  from space 6144K, 20% used [0x00000000e1980000,0x00000000e1ab7848,0x00000000e1f80000)
  to   space 6144K, 0% used [0x00000000e1380000,0x00000000e1380000,0x00000000e1980000)
 ParOldGen       total 53760K, used 15822K [0x00000000a0000000, 0x00000000a3480000, 0x00000000e0000000)
  object space 53760K, 29% used [0x00000000a0000000,0x00000000a0f73850,0x00000000a3480000)
 Metaspace       used 36098K, capacity 36860K, committed 37080K, reserved 1081344K
  class space    used 4834K, capacity 5047K, committed 5080K, reserved 1048576K
Event: 29.093 GC heap after
Heap after GC invocations=21 (full 2):
 PSYoungGen      total 26112K, used 2351K [0x00000000e0000000, 0x00000000e2300000, 0x0000000100000000)
  eden space 19968K, 0% used [0x00000000e0000000,0x00000000e0000000,0x00000000e1380000)
  from space 6144K, 38% used [0x00000000e1380000,0x00000000e15cbd48,0x00000000e1980000)
  to   space 6144K, 0% used [0x00000000e1d00000,0x00000000e1d00000,0x00000000e2300000)
 ParOldGen       total 53760K, used 15830K [0x00000000a0000000, 0x00000000a3480000, 0x00000000e0000000)
  object space 53760K, 29% used [0x00000000a0000000,0x00000000a0f75850,0x00000000a3480000)
 Metaspace       used 36098K, capacity 36860K, committed 37080K, reserved 1081344K
  class space    used 4834K, capacity 5047K, committed 5080K, reserved 1048576K
}
Event: 30.057 GC heap before
{Heap before GC invocations=22 (full 2):
 PSYoungGen      total 26112K, used 22319K [0x00000000e0000000, 0x00000000e2300000, 0x0000000100000000)
  eden space 19968K, 100% used [0x00000000e0000000,0x00000000e1380000,0x00000000e1380000)
  from space 6144K, 38% used [0x00000000e1380000,0x00000000e15cbd48,0x00000000e1980000)
  to   space 6144K, 0% used [0x00000000e1d00000,0x00000000e1d00000,0x00000000e2300000)
 ParOldGen       total 53760K, used 15830K [0x00000000a0000000, 0x00000000a3480000, 0x00000000e0000000)
  object space 53760K, 29% used [0x00000000a0000000,0x00000000a0f75850,0x00000000a3480000)
 Metaspace       used 37571K, capacity 38348K, committed 38616K, reserved 1083392K
  class space    used 5004K, capacity 5217K, committed 5336K, reserved 1048576K
Event: 30.062 GC heap after
Heap after GC invocations=22 (full 2):
 PSYoungGen      total 29184K, used 5960K [0x00000000e0000000, 0x00000000e2400000, 0x0000000100000000)
  eden space 23040K, 0% used [0x00000000e0000000,0x00000000e0000000,0x00000000e1680000)
  from space 6144K, 97% used [0x00000000e1d00000,0x00000000e22d20c8,0x00000000e2300000)
  to   space 6656K, 0% used [0x00000000e1680000,0x00000000e1680000,0x00000000e1d00000)
 ParOldGen       total 53760K, used 15838K [0x00000000a0000000, 0x00000000a3480000, 0x00000000e0000000)
  object space 53760K, 29% used [0x00000000a0000000,0x00000000a0f77850,0x00000000a3480000)
 Metaspace       used 37571K, capacity 38348K, committed 38616K, reserved 1083392K
  class space    used 5004K, capacity 5217K, committed 5336K, reserved 1048576K
}
Event: 30.784 GC heap before
{Heap before GC invocations=23 (full 2):
 PSYoungGen      total 29184K, used 29000K [0x00000000e0000000, 0x00000000e2400000, 0x0000000100000000)
  eden space 23040K, 100% used [0x00000000e0000000,0x00000000e1680000,0x00000000e1680000)
  from space 6144K, 97% used [0x00000000e1d00000,0x00000000e22d20c8,0x00000000e2300000)
  to   space 6656K, 0% used [0x00000000e1680000,0x00000000e1680000,0x00000000e1d00000)
 ParOldGen       total 53760K, used 15838K [0x00000000a0000000, 0x00000000a3480000, 0x00000000e0000000)
  object space 53760K, 29% used [0x00000000a0000000,0x00000000a0f77850,0x00000000a3480000)
 Metaspace       used 38119K, capacity 38948K, committed 39128K, reserved 1083392K
  class space    used 5093K, capacity 5330K, committed 5336K, reserved 1048576K
Event: 30.806 GC heap after
Heap after GC invocations=23 (full 2):
 PSYoungGen      total 29696K, used 6634K [0x00000000e0000000, 0x00000000e2400000, 0x0000000100000000)
  eden space 23040K, 0% used [0x00000000e0000000,0x00000000e0000000,0x00000000e1680000)
  from space 6656K, 99% used [0x00000000e1680000,0x00000000e1cfa8a8,0x00000000e1d00000)
  to   space 6144K, 0% used [0x00000000e1d00000,0x00000000e1d00000,0x00000000e2300000)
 ParOldGen       total 53760K, used 15907K [0x00000000a0000000, 0x00000000a3480000, 0x00000000e0000000)
  object space 53760K, 29% used [0x00000000a0000000,0x00000000a0f88f90,0x00000000a3480000)
 Metaspace       used 38119K, capacity 38948K, committed 39128K, reserved 1083392K
  class space    used 5093K, capacity 5330K, committed 5336K, reserved 1048576K
}

