# JRE version: OpenJDK Runtime Environment (8.0_112-b06) (build 1.8.0_112-release-b06)
# Java VM: OpenJDK 64-Bit Server VM (25.112-b06 mixed mode windows-amd64 compressed oops)
Heap:
 PSYoungGen      total 211968K, used 146277K [0x00000000e0000000, 0x00000000f2b80000, 0x0000000100000000)
  eden space 204288K, 67% used [0x00000000e0000000,0x00000000e876d750,0x00000000ec780000)
  from space 7680K, 98% used [0x00000000f0800000,0x00000000f0f6bde0,0x00000000f0f80000)
  to   space 28672K, 0% used [0x00000000f0f80000,0x00000000f0f80000,0x00000000f2b80000)
 ParOldGen       total 104960K, used 54604K [0x00000000a0000000, 0x00000000a6680000, 0x00000000e0000000)
  object space 104960K, 52% used [0x00000000a0000000,0x00000000a3553330,0x00000000a6680000)
 Metaspace       used 70876K, capacity 74198K, committed 74328K, reserved 1114112K
  class space    used 9238K, capacity 9850K, committed 9856K, reserved 1048576K
GC Heap History (10 events):
Event: 26.441 GC heap before
{Heap before GC invocations=14 (full 2):
 PSYoungGen      total 187392K, used 68691K [0x00000000e0000000, 0x00000000f0c80000, 0x0000000100000000)
  eden space 168960K, 29% used [0x00000000e0000000,0x00000000e311ccc8,0x00000000ea500000)
  from space 18432K, 99% used [0x00000000ea500000,0x00000000eb6f8218,0x00000000eb700000)
  to   space 25600K, 0% used [0x00000000ef380000,0x00000000ef380000,0x00000000f0c80000)
 ParOldGen       total 57344K, used 34636K [0x00000000a0000000, 0x00000000a3800000, 0x00000000e0000000)
  object space 57344K, 60% used [0x00000000a0000000,0x00000000a21d3020,0x00000000a3800000)
 Metaspace       used 56637K, capacity 59034K, committed 59096K, reserved 1099776K
  class space    used 7682K, capacity 8178K, committed 8192K, reserved 1048576K
Event: 26.460 GC heap after
Heap after GC invocations=14 (full 2):
 PSYoungGen      total 247296K, used 19609K [0x00000000e0000000, 0x00000000f0f80000, 0x0000000100000000)
  eden space 221696K, 0% used [0x00000000e0000000,0x00000000e0000000,0x00000000ed880000)
  from space 25600K, 76% used [0x00000000ef380000,0x00000000f06a6780,0x00000000f0c80000)
  to   space 27648K, 0% used [0x00000000ed880000,0x00000000ed880000,0x00000000ef380000)
 ParOldGen       total 57344K, used 38388K [0x00000000a0000000, 0x00000000a3800000, 0x00000000e0000000)
  object space 57344K, 66% used [0x00000000a0000000,0x00000000a257d208,0x00000000a3800000)
 Metaspace       used 56637K, capacity 59034K, committed 59096K, reserved 1099776K
  class space    used 7682K, capacity 8178K, committed 8192K, reserved 1048576K
}
Event: 26.460 GC heap before
{Heap before GC invocations=15 (full 3):
 PSYoungGen      total 247296K, used 19609K [0x00000000e0000000, 0x00000000f0f80000, 0x0000000100000000)
  eden space 221696K, 0% used [0x00000000e0000000,0x00000000e0000000,0x00000000ed880000)
  from space 25600K, 76% used [0x00000000ef380000,0x00000000f06a6780,0x00000000f0c80000)
  to   space 27648K, 0% used [0x00000000ed880000,0x00000000ed880000,0x00000000ef380000)
 ParOldGen       total 57344K, used 38388K [0x00000000a0000000, 0x00000000a3800000, 0x00000000e0000000)
  object space 57344K, 66% used [0x00000000a0000000,0x00000000a257d208,0x00000000a3800000)
 Metaspace       used 56637K, capacity 59034K, committed 59096K, reserved 1099776K
  class space    used 7682K, capacity 8178K, committed 8192K, reserved 1048576K
Event: 26.627 GC heap after
Heap after GC invocations=15 (full 3):
 PSYoungGen      total 247296K, used 0K [0x00000000e0000000, 0x00000000f0f80000, 0x0000000100000000)
  eden space 221696K, 0% used [0x00000000e0000000,0x00000000e0000000,0x00000000ed880000)
  from space 25600K, 0% used [0x00000000ef380000,0x00000000ef380000,0x00000000f0c80000)
  to   space 27648K, 0% used [0x00000000ed880000,0x00000000ed880000,0x00000000ef380000)
 ParOldGen       total 104960K, used 48160K [0x00000000a0000000, 0x00000000a6680000, 0x00000000e0000000)
  object space 104960K, 45% used [0x00000000a0000000,0x00000000a2f08050,0x00000000a6680000)
 Metaspace       used 56637K, capacity 59034K, committed 59096K, reserved 1099776K
  class space    used 7682K, capacity 8178K, committed 8192K, reserved 1048576K
}
Event: 352.703 GC heap before
{Heap before GC invocations=16 (full 3):
 PSYoungGen      total 247296K, used 221696K [0x00000000e0000000, 0x00000000f0f80000, 0x0000000100000000)
  eden space 221696K, 100% used [0x00000000e0000000,0x00000000ed880000,0x00000000ed880000)
  from space 25600K, 0% used [0x00000000ef380000,0x00000000ef380000,0x00000000f0c80000)
  to   space 27648K, 0% used [0x00000000ed880000,0x00000000ed880000,0x00000000ef380000)
 ParOldGen       total 104960K, used 48160K [0x00000000a0000000, 0x00000000a6680000, 0x00000000e0000000)
  object space 104960K, 45% used [0x00000000a0000000,0x00000000a2f08050,0x00000000a6680000)
 Metaspace       used 60477K, capacity 63370K, committed 63576K, reserved 1103872K
  class space    used 8210K, capacity 8787K, committed 8832K, reserved 1048576K
Event: 352.716 GC heap after
Heap after GC invocations=16 (full 3):
 PSYoungGen      total 249344K, used 8045K [0x00000000e0000000, 0x00000000f4500000, 0x0000000100000000)
  eden space 221696K, 0% used [0x00000000e0000000,0x00000000e0000000,0x00000000ed880000)
  from space 27648K, 29% used [0x00000000ed880000,0x00000000ee05b6c0,0x00000000ef380000)
  to   space 26624K, 0% used [0x00000000f2b00000,0x00000000f2b00000,0x00000000f4500000)
 ParOldGen       total 104960K, used 48168K [0x00000000a0000000, 0x00000000a6680000, 0x00000000e0000000)
  object space 104960K, 45% used [0x00000000a0000000,0x00000000a2f0a050,0x00000000a6680000)
 Metaspace       used 60477K, capacity 63370K, committed 63576K, reserved 1103872K
  class space    used 8210K, capacity 8787K, committed 8832K, reserved 1048576K
}
Event: 361.163 GC heap before
{Heap before GC invocations=17 (full 3):
 PSYoungGen      total 249344K, used 229741K [0x00000000e0000000, 0x00000000f4500000, 0x0000000100000000)
  eden space 221696K, 100% used [0x00000000e0000000,0x00000000ed880000,0x00000000ed880000)
  from space 27648K, 29% used [0x00000000ed880000,0x00000000ee05b6c0,0x00000000ef380000)
  to   space 26624K, 0% used [0x00000000f2b00000,0x00000000f2b00000,0x00000000f4500000)
 ParOldGen       total 104960K, used 48168K [0x00000000a0000000, 0x00000000a6680000, 0x00000000e0000000)
  object space 104960K, 45% used [0x00000000a0000000,0x00000000a2f0a050,0x00000000a6680000)
 Metaspace       used 69697K, capacity 72858K, committed 73048K, reserved 1112064K
  class space    used 9178K, capacity 9736K, committed 9856K, reserved 1048576K
Event: 361.190 GC heap after
Heap after GC invocations=17 (full 3):
 PSYoungGen      total 239616K, used 26603K [0x00000000e0000000, 0x00000000f4500000, 0x0000000100000000)
  eden space 212992K, 0% used [0x00000000e0000000,0x00000000e0000000,0x00000000ed000000)
  from space 26624K, 99% used [0x00000000f2b00000,0x00000000f44fac30,0x00000000f4500000)
  to   space 31232K, 0% used [0x00000000f0800000,0x00000000f0800000,0x00000000f2680000)
 ParOldGen       total 104960K, used 49511K [0x00000000a0000000, 0x00000000a6680000, 0x00000000e0000000)
  object space 104960K, 47% used [0x00000000a0000000,0x00000000a3059cc8,0x00000000a6680000)
 Metaspace       used 69697K, capacity 72858K, committed 73048K, reserved 1112064K
  class space    used 9178K, capacity 9736K, committed 9856K, reserved 1048576K
}
Event: 383.419 GC heap before
{Heap before GC invocations=18 (full 3):
 PSYoungGen      total 239616K, used 239595K [0x00000000e0000000, 0x00000000f4500000, 0x0000000100000000)
  eden space 212992K, 100% used [0x00000000e0000000,0x00000000ed000000,0x00000000ed000000)
  from space 26624K, 99% used [0x00000000f2b00000,0x00000000f44fac30,0x00000000f4500000)
  to   space 31232K, 0% used [0x00000000f0800000,0x00000000f0800000,0x00000000f2680000)
 ParOldGen       total 104960K, used 49511K [0x00000000a0000000, 0x00000000a6680000, 0x00000000e0000000)
  object space 104960K, 47% used [0x00000000a0000000,0x00000000a3059cc8,0x00000000a6680000)
 Metaspace       used 70442K, capacity 73558K, committed 73816K, reserved 1114112K
  class space    used 9211K, capacity 9778K, committed 9856K, reserved 1048576K
Event: 383.432 GC heap after
Heap after GC invocations=18 (full 3):
 PSYoungGen      total 211968K, used 7599K [0x00000000e0000000, 0x00000000f2b80000, 0x0000000100000000)
  eden space 204288K, 0% used [0x00000000e0000000,0x00000000e0000000,0x00000000ec780000)
  from space 7680K, 98% used [0x00000000f0800000,0x00000000f0f6bde0,0x00000000f0f80000)
  to   space 28672K, 0% used [0x00000000f0f80000,0x00000000f0f80000,0x00000000f2b80000)
 ParOldGen       total 104960K, used 54604K [0x00000000a0000000, 0x00000000a6680000, 0x00000000e0000000)
  object space 104960K, 52% used [0x00000000a0000000,0x00000000a3553330,0x00000000a6680000)
 Metaspace       used 70442K, capacity 73558K, committed 73816K, reserved 1114112K
  class space    used 9211K, capacity 9778K, committed 9856K, reserved 1048576K
}

